System
smss.exe
csrss.exe
wininit.exe
csrss.exe
winlogon.exe
services.exe
lsass.exe
lsm.exe
svchost.exe
vmacthlp.exe
svchost.exe
svchost.exe
svchost.exe
svchost.exe
svchost.exe
QHActiveDefense.exe
svchost.exe
QHWatchdog.exe
svchost.exe
taskhost.exe
svchost.exe
VGAuthService.exe
vmtoolsd.exe
sppsvc.exe
WmiPrvSE.exe
dllhost.exe
msdtc.exe
dwm.exe
explorer.exe
vmtoolsd.exe
QHSafeTray.exe
SearchIndexer.exe
taskmgr.exe
chrome.exe
chrome.exe
chrome.exe
chrome.exe
chrome.exe
chrome.exe
chrome.exe
svchost.exe
chrome.exe
chrome.exe
chrome.exe
chrome.exe
svchost.exe
chrome.exe
chrome.exe
chrome.exe
chrome.exe
notepad++.exe
explorer.exe
MobaXterm.exe
XWin_MobaX.exe
chrome.exe
cmd.exe
conhost.exe
BurpSuiteCommunity.exe
rundll32.exe
Proxifier.exe
SogouCloud.exe
svchost.exe
chrome.exe
chrome.exe
GitHubDesktop.exe
GitHubDesktop.exe
GitHubDesktop.exe
GitHubDesktop.exe
chrome.exe
audiodg.exe
SearchProtocolHost.exe
SearchFilterHost.exe
dllhost.exe
d.exe
conhost.exe
conhost.exe
